<?xml version="1.0" encoding="UTF-8"?>
<testsuite xmlns:xsi="http://www.w3.org/2001/XMLSchema-instance" xsi:noNamespaceSchemaLocation="https://maven.apache.org/surefire/maven-surefire-plugin/xsd/surefire-test-report-3.0.xsd" version="3.0" name="com.myproject.app.TaskManagerTest" time="0.007" tests="2" errors="0" skipped="0" failures="1">
  <properties>
    <property name="java.specification.version" value="21"/>
    <property name="sun.jnu.encoding" value="UTF-8"/>
    <property name="java.class.path" value="/Users/abdumohamed/Dev/Projects/Task-Manager-Application/task-manager/target/test-classes:/Users/abdumohamed/Dev/Projects/Task-Manager-Application/task-manager/target/classes:/Users/abdumohamed/.m2/repository/org/glassfish/javax.xml.bind/10.0-b28/javax.xml.bind-10.0-b28.jar:/Users/abdumohamed/.m2/repository/org/apache/logging/log4j/log4j-api/2.21.0/log4j-api-2.21.0.jar:/Users/abdumohamed/.m2/repository/org/apache/logging/log4j/log4j-core/2.21.0/log4j-core-2.21.0.jar:/Users/abdumohamed/.m2/repository/org/apache/derby/derby/10.16.1.1/derby-10.16.1.1.jar:/Users/abdumohamed/.m2/repository/org/apache/derby/derbyshared/10.16.1.1/derbyshared-10.16.1.1.jar:/Users/abdumohamed/.m2/repository/org/apache/derby/derbyclient/10.16.1.1/derbyclient-10.16.1.1.jar:/Users/abdumohamed/.m2/repository/org/junit/jupiter/junit-jupiter/5.10.0/junit-jupiter-5.10.0.jar:/Users/abdumohamed/.m2/repository/org/junit/jupiter/junit-jupiter-api/5.10.0/junit-jupiter-api-5.10.0.jar:/Users/abdumohamed/.m2/repository/org/opentest4j/opentest4j/1.3.0/opentest4j-1.3.0.jar:/Users/abdumohamed/.m2/repository/org/junit/platform/junit-platform-commons/1.10.0/junit-platform-commons-1.10.0.jar:/Users/abdumohamed/.m2/repository/org/apiguardian/apiguardian-api/1.1.2/apiguardian-api-1.1.2.jar:/Users/abdumohamed/.m2/repository/org/junit/jupiter/junit-jupiter-params/5.10.0/junit-jupiter-params-5.10.0.jar:/Users/abdumohamed/.m2/repository/org/junit/jupiter/junit-jupiter-engine/5.10.0/junit-jupiter-engine-5.10.0.jar:/Users/abdumohamed/.m2/repository/org/junit/platform/junit-platform-engine/1.10.0/junit-platform-engine-1.10.0.jar:/Users/abdumohamed/.m2/repository/org/assertj/assertj-core/3.24.2/assertj-core-3.24.2.jar:/Users/abdumohamed/.m2/repository/net/bytebuddy/byte-buddy/1.12.21/byte-buddy-1.12.21.jar:"/>
    <property name="java.vm.vendor" value="Oracle Corporation"/>
    <property name="sun.arch.data.model" value="64"/>
    <property name="java.vendor.url" value="https://java.oracle.com/"/>
    <property name="user.timezone" value="America/New_York"/>
    <property name="os.name" value="Mac OS X"/>
    <property name="java.vm.specification.version" value="21"/>
    <property name="sun.java.launcher" value="SUN_STANDARD"/>
    <property name="user.country" value="US"/>
    <property name="sun.boot.library.path" value="/Library/Java/JavaVirtualMachines/jdk-21.jdk/Contents/Home/lib"/>
    <property name="sun.java.command" value="/Users/abdumohamed/Dev/Projects/Task-Manager-Application/task-manager/target/surefire/surefirebooter-20240105080455196_3.jar /Users/abdumohamed/Dev/Projects/Task-Manager-Application/task-manager/target/surefire 2024-01-05T08-04-55_162-jvmRun1 surefire-20240105080455196_1tmp surefire_0-20240105080455196_2tmp"/>
    <property name="http.nonProxyHosts" value="local|*.local|169.254/16|*.169.254/16"/>
    <property name="jdk.debug" value="release"/>
    <property name="surefire.test.class.path" value="/Users/abdumohamed/Dev/Projects/Task-Manager-Application/task-manager/target/test-classes:/Users/abdumohamed/Dev/Projects/Task-Manager-Application/task-manager/target/classes:/Users/abdumohamed/.m2/repository/org/glassfish/javax.xml.bind/10.0-b28/javax.xml.bind-10.0-b28.jar:/Users/abdumohamed/.m2/repository/org/apache/logging/log4j/log4j-api/2.21.0/log4j-api-2.21.0.jar:/Users/abdumohamed/.m2/repository/org/apache/logging/log4j/log4j-core/2.21.0/log4j-core-2.21.0.jar:/Users/abdumohamed/.m2/repository/org/apache/derby/derby/10.16.1.1/derby-10.16.1.1.jar:/Users/abdumohamed/.m2/repository/org/apache/derby/derbyshared/10.16.1.1/derbyshared-10.16.1.1.jar:/Users/abdumohamed/.m2/repository/org/apache/derby/derbyclient/10.16.1.1/derbyclient-10.16.1.1.jar:/Users/abdumohamed/.m2/repository/org/junit/jupiter/junit-jupiter/5.10.0/junit-jupiter-5.10.0.jar:/Users/abdumohamed/.m2/repository/org/junit/jupiter/junit-jupiter-api/5.10.0/junit-jupiter-api-5.10.0.jar:/Users/abdumohamed/.m2/repository/org/opentest4j/opentest4j/1.3.0/opentest4j-1.3.0.jar:/Users/abdumohamed/.m2/repository/org/junit/platform/junit-platform-commons/1.10.0/junit-platform-commons-1.10.0.jar:/Users/abdumohamed/.m2/repository/org/apiguardian/apiguardian-api/1.1.2/apiguardian-api-1.1.2.jar:/Users/abdumohamed/.m2/repository/org/junit/jupiter/junit-jupiter-params/5.10.0/junit-jupiter-params-5.10.0.jar:/Users/abdumohamed/.m2/repository/org/junit/jupiter/junit-jupiter-engine/5.10.0/junit-jupiter-engine-5.10.0.jar:/Users/abdumohamed/.m2/repository/org/junit/platform/junit-platform-engine/1.10.0/junit-platform-engine-1.10.0.jar:/Users/abdumohamed/.m2/repository/org/assertj/assertj-core/3.24.2/assertj-core-3.24.2.jar:/Users/abdumohamed/.m2/repository/net/bytebuddy/byte-buddy/1.12.21/byte-buddy-1.12.21.jar:"/>
    <property name="sun.cpu.endian" value="little"/>
    <property name="user.home" value="/Users/abdumohamed"/>
    <property name="user.language" value="en"/>
    <property name="java.specification.vendor" value="Oracle Corporation"/>
    <property name="java.version.date" value="2023-10-17"/>
    <property name="java.home" value="/Library/Java/JavaVirtualMachines/jdk-21.jdk/Contents/Home"/>
    <property name="file.separator" value="/"/>
    <property name="basedir" value="/Users/abdumohamed/Dev/Projects/Task-Manager-Application/task-manager"/>
    <property name="java.vm.compressedOopsMode" value="Zero based"/>
    <property name="line.separator" value="&#10;"/>
    <property name="java.vm.specification.vendor" value="Oracle Corporation"/>
    <property name="java.specification.name" value="Java Platform API Specification"/>
    <property name="apple.awt.application.name" value="ForkedBooter"/>
    <property name="surefire.real.class.path" value="/Users/abdumohamed/Dev/Projects/Task-Manager-Application/task-manager/target/surefire/surefirebooter-20240105080455196_3.jar"/>
    <property name="sun.management.compiler" value="HotSpot 64-Bit Tiered Compilers"/>
    <property name="ftp.nonProxyHosts" value="local|*.local|169.254/16|*.169.254/16"/>
    <property name="java.runtime.version" value="21.0.1+12-LTS-29"/>
    <property name="user.name" value="abdumohamed"/>
    <property name="stdout.encoding" value="UTF-8"/>
    <property name="path.separator" value=":"/>
    <property name="os.version" value="14.2.1"/>
    <property name="java.runtime.name" value="Java(TM) SE Runtime Environment"/>
    <property name="file.encoding" value="UTF-8"/>
    <property name="java.vm.name" value="Java HotSpot(TM) 64-Bit Server VM"/>
    <property name="localRepository" value="/Users/abdumohamed/.m2/repository"/>
    <property name="java.vendor.url.bug" value="https://bugreport.java.com/bugreport/"/>
    <property name="java.io.tmpdir" value="/var/folders/nl/6ps5csdj7f57988y08lktjt80000gn/T/"/>
    <property name="idea.version" value="2023.3.2"/>
    <property name="java.version" value="21.0.1"/>
    <property name="user.dir" value="/Users/abdumohamed/Dev/Projects/Task-Manager-Application/task-manager"/>
    <property name="os.arch" value="aarch64"/>
    <property name="java.vm.specification.name" value="Java Virtual Machine Specification"/>
    <property name="native.encoding" value="UTF-8"/>
    <property name="java.library.path" value="/Users/abdumohamed/Library/Java/Extensions:/Library/Java/Extensions:/Network/Library/Java/Extensions:/System/Library/Java/Extensions:/usr/lib/java:."/>
    <property name="java.vm.info" value="mixed mode, sharing"/>
    <property name="stderr.encoding" value="UTF-8"/>
    <property name="java.vendor" value="Oracle Corporation"/>
    <property name="java.vm.version" value="21.0.1+12-LTS-29"/>
    <property name="sun.io.unicode.encoding" value="UnicodeBig"/>
    <property name="socksNonProxyHosts" value="local|*.local|169.254/16|*.169.254/16"/>
    <property name="java.class.version" value="65.0"/>
  </properties>
  <testcase name="testCreateTaskItem" classname="com.myproject.app.TaskManagerTest" time="0.001">
    <system-out><![CDATA[08:04:55.597 [main] INFO  com.myproject.app.TaskManager - Created a new task item: TaskName
]]></system-out>
  </testcase>
  <testcase name="testAddToAll" classname="com.myproject.app.TaskManagerTest" time="0.004">
    <failure message="expected: &lt;1&gt; but was: &lt;5&gt;" type="org.opentest4j.AssertionFailedError"><![CDATA[org.opentest4j.AssertionFailedError: expected: <1> but was: <5>
	at org.junit.jupiter.api.AssertionFailureBuilder.build(AssertionFailureBuilder.java:151)
	at org.junit.jupiter.api.AssertionFailureBuilder.buildAndThrow(AssertionFailureBuilder.java:132)
	at org.junit.jupiter.api.AssertEquals.failNotEqual(AssertEquals.java:197)
	at org.junit.jupiter.api.AssertEquals.assertEquals(AssertEquals.java:150)
	at org.junit.jupiter.api.AssertEquals.assertEquals(AssertEquals.java:145)
	at org.junit.jupiter.api.Assertions.assertEquals(Assertions.java:527)
	at com.myproject.app.TaskManagerTest.testAddToAll(TaskManagerTest.java:32)
	at java.base/java.lang.reflect.Method.invoke(Method.java:580)
	at java.base/java.util.ArrayList.forEach(ArrayList.java:1596)
	at java.base/java.util.ArrayList.forEach(ArrayList.java:1596)
]]></failure>
    <system-out><![CDATA[08:04:55.598 [main] INFO  com.myproject.app.TaskManager - Added task item to allTaskItems: SampleTask
]]></system-out>
  </testcase>
</testsuite>